<?xml version="1.0" encoding="UTF-8"?>
<robot generator="Robot 3.1.2 (Python 3.8.0 on win32)" generated="20200924 00:00:15.925" rpa="false">
<suite id="s1" name="LearnRobotFramework" source="E:\Softwares\My PC Apps\Robot Framework\Workspace\LearnRobotFramework">
<suite id="s1-s1" name="Tests" source="E:\Softwares\My PC Apps\Robot Framework\Workspace\LearnRobotFramework\Tests">
<suite id="s1-s1-s1" name="Test Cases" source="E:\Softwares\My PC Apps\Robot Framework\Workspace\LearnRobotFramework\Tests\test cases">
<suite id="s1-s1-s1-s1" name="PageObjectModelDemo" source="E:\Softwares\My PC Apps\Robot Framework\Workspace\LearnRobotFramework\Tests\test cases\PageObjectModelDemo.robot">
<kw name="Open Application" library="CommonKeywords" type="setup">
<kw name="Open Browser" library="SeleniumLibrary">
<doc>Opens a new browser instance to the optional ``url``.</doc>
<arguments>
<arg>${url}</arg>
<arg>${browser}</arg>
</arguments>
<msg timestamp="20200924 00:00:16.974" level="INFO">Opening browser 'chrome' to base url 'https://opensource-demo.orangehrmlive.com/'.</msg>
<status status="PASS" starttime="20200924 00:00:16.973" endtime="20200924 00:00:34.195"></status>
</kw>
<kw name="Maximize Browser Window" library="SeleniumLibrary">
<doc>Maximizes current browser window.</doc>
<status status="PASS" starttime="20200924 00:00:34.203" endtime="20200924 00:00:35.407"></status>
</kw>
<status status="PASS" starttime="20200924 00:00:16.971" endtime="20200924 00:00:35.409"></status>
</kw>
<test id="s1-s1-s1-s1-t1" name="Validate OrangeHRM Login and Logout">
<kw name="Login To Application">
<arguments>
<arg>${uname}</arg>
<arg>${pwd}</arg>
</arguments>
<kw name="Enter Username" library="LoginPageKeywords">
<arguments>
<arg>${uname}</arg>
</arguments>
<kw name="Input Text" library="SeleniumLibrary">
<doc>Types the given ``text`` into the text field identified by ``locator``.</doc>
<arguments>
<arg>${userName}</arg>
<arg>${uname}</arg>
</arguments>
<msg timestamp="20200924 00:00:35.423" level="INFO">Typing text 'Admin' into text field 'id:txtUsername'.</msg>
<status status="PASS" starttime="20200924 00:00:35.418" endtime="20200924 00:00:35.900"></status>
</kw>
<status status="PASS" starttime="20200924 00:00:35.415" endtime="20200924 00:00:35.901"></status>
</kw>
<kw name="Enter Password" library="LoginPageKeywords">
<arguments>
<arg>${pwd}</arg>
</arguments>
<kw name="Input Password" library="SeleniumLibrary">
<doc>Types the given password into the text field identified by ``locator``.</doc>
<arguments>
<arg>${passWord}</arg>
<arg>${pwd}</arg>
</arguments>
<msg timestamp="20200924 00:00:35.906" level="INFO">Typing password into text field 'id:txtPassword'.</msg>
<status status="PASS" starttime="20200924 00:00:35.905" endtime="20200924 00:00:36.380"></status>
</kw>
<status status="PASS" starttime="20200924 00:00:35.903" endtime="20200924 00:00:36.382"></status>
</kw>
<kw name="Click On Login Button" library="LoginPageKeywords">
<kw name="Click Button" library="SeleniumLibrary">
<doc>Clicks the button identified by ``locator``.</doc>
<arguments>
<arg>${loginButton}</arg>
</arguments>
<msg timestamp="20200924 00:00:36.389" level="INFO">Clicking button 'id:btnLogin'.</msg>
<status status="PASS" starttime="20200924 00:00:36.387" endtime="20200924 00:00:46.210"></status>
</kw>
<status status="PASS" starttime="20200924 00:00:36.383" endtime="20200924 00:00:46.212"></status>
</kw>
<status status="PASS" starttime="20200924 00:00:35.413" endtime="20200924 00:00:46.213"></status>
</kw>
<kw name="Verify Successful Login" library="HomePageKeywords">
<kw name="Page Should Contain" library="SeleniumLibrary">
<doc>Verifies that current page contains ``text``.</doc>
<arguments>
<arg>Dashboard</arg>
</arguments>
<msg timestamp="20200924 00:00:46.309" level="INFO">Current page contains text 'Dashboard'.</msg>
<status status="PASS" starttime="20200924 00:00:46.220" endtime="20200924 00:00:46.311"></status>
</kw>
<status status="PASS" starttime="20200924 00:00:46.216" endtime="20200924 00:00:46.312"></status>
</kw>
<kw name="Logout From Application">
<kw name="Click On Welcome Link" library="HomePageKeywords">
<kw name="Click Element" library="SeleniumLibrary">
<doc>Click the element identified by ``locator``.</doc>
<arguments>
<arg>${welcomeLink}</arg>
</arguments>
<msg timestamp="20200924 00:00:46.319" level="INFO">Clicking element 'id:welcome'.</msg>
<status status="PASS" starttime="20200924 00:00:46.317" endtime="20200924 00:00:46.607"></status>
</kw>
<status status="PASS" starttime="20200924 00:00:46.315" endtime="20200924 00:00:46.608"></status>
</kw>
<kw name="Click On Logout Link" library="HomePageKeywords">
<kw name="Click Element" library="SeleniumLibrary">
<doc>Click the element identified by ``locator``.</doc>
<arguments>
<arg>${logoutLink}</arg>
</arguments>
<msg timestamp="20200924 00:00:46.612" level="INFO">Clicking element 'xpath://*[@id='welcome-menu']/ul/li[2]/a'.</msg>
<status status="PASS" starttime="20200924 00:00:46.611" endtime="20200924 00:00:49.137"></status>
</kw>
<status status="PASS" starttime="20200924 00:00:46.609" endtime="20200924 00:00:49.139"></status>
</kw>
<status status="PASS" starttime="20200924 00:00:46.313" endtime="20200924 00:00:49.140"></status>
</kw>
<status status="PASS" starttime="20200924 00:00:35.410" endtime="20200924 00:00:49.141" critical="yes"></status>
</test>
<kw name="Close Application" library="CommonKeywords" type="teardown">
<kw name="Close Browser" library="SeleniumLibrary">
<doc>Closes the current browser.</doc>
<status status="PASS" starttime="20200924 00:00:49.148" endtime="20200924 00:00:51.471"></status>
</kw>
<status status="PASS" starttime="20200924 00:00:49.144" endtime="20200924 00:00:51.472"></status>
</kw>
<status status="PASS" starttime="20200924 00:00:16.173" endtime="20200924 00:00:51.473"></status>
</suite>
<status status="PASS" starttime="20200924 00:00:16.161" endtime="20200924 00:00:51.481"></status>
</suite>
<status status="PASS" starttime="20200924 00:00:16.152" endtime="20200924 00:00:51.487"></status>
</suite>
<status status="PASS" starttime="20200924 00:00:16.052" endtime="20200924 00:00:51.494"></status>
</suite>
<statistics>
<total>
<stat pass="1" fail="0">Critical Tests</stat>
<stat pass="1" fail="0">All Tests</stat>
</total>
<tag>
</tag>
<suite>
<stat pass="1" fail="0" id="s1" name="LearnRobotFramework">LearnRobotFramework</stat>
<stat pass="1" fail="0" id="s1-s1" name="Tests">LearnRobotFramework.Tests</stat>
<stat pass="1" fail="0" id="s1-s1-s1" name="Test Cases">LearnRobotFramework.Tests.Test Cases</stat>
<stat pass="1" fail="0" id="s1-s1-s1-s1" name="PageObjectModelDemo">LearnRobotFramework.Tests.Test Cases.PageObjectModelDemo</stat>
</suite>
</statistics>
<errors>
</errors>
</robot>
