<?xml version="1.0" encoding="UTF-8"?>
<robot generator="Robot 3.1.2 (Python 3.8.0 on win32)" generated="20200407 23:37:17.657" rpa="false">
<suite id="s1" name="LearnRobotFramework" source="E:\Softwares\My PC Apps\Robot Framework\Workspace\LearnRobotFramework">
<suite id="s1-s1" name="Tests" source="E:\Softwares\My PC Apps\Robot Framework\Workspace\LearnRobotFramework\Tests">
<suite id="s1-s1-s1" name="Test Cases" source="E:\Softwares\My PC Apps\Robot Framework\Workspace\LearnRobotFramework\Tests\test cases">
<suite id="s1-s1-s1-s1" name="SetupTeardownDemo2" source="E:\Softwares\My PC Apps\Robot Framework\Workspace\LearnRobotFramework\Tests\test cases\SetupTeardownDemo2.robot">
<test id="s1-s1-s1-s1-t1" name="Facebook Registration Test Case">
<kw name="Start Browser and Maximize" type="setup">
<tags>
<tag>This will open browser and maximize it</tag>
</tags>
<kw name="Open Browser" library="SeleniumLibrary">
<doc>Opens a new browser instance to the optional ``url``.</doc>
<arguments>
<arg>${URL}</arg>
<arg>${Browser}</arg>
</arguments>
<msg timestamp="20200407 23:37:18.010" level="INFO">Opening browser 'Chrome' to base url 'https://www.facebook.com/'.</msg>
<status status="PASS" starttime="20200407 23:37:18.010" endtime="20200407 23:37:25.318"></status>
</kw>
<kw name="Maximize Browser Window" library="SeleniumLibrary">
<doc>Maximizes current browser window.</doc>
<status status="PASS" starttime="20200407 23:37:25.319" endtime="20200407 23:37:26.490"></status>
</kw>
<status status="PASS" starttime="20200407 23:37:18.009" endtime="20200407 23:37:26.491"></status>
</kw>
<kw name="Get Title" library="SeleniumLibrary">
<doc>Returns the title of the current page.</doc>
<assign>
<var>${Title}</var>
</assign>
<msg timestamp="20200407 23:37:26.501" level="INFO">${Title} = Facebook – log in or sign up</msg>
<status status="PASS" starttime="20200407 23:37:26.492" endtime="20200407 23:37:26.501"></status>
</kw>
<kw name="Log" library="BuiltIn">
<doc>Logs the given message with the given level.</doc>
<arguments>
<arg>${Title}</arg>
</arguments>
<msg timestamp="20200407 23:37:26.502" level="INFO">Facebook – log in or sign up</msg>
<status status="PASS" starttime="20200407 23:37:26.502" endtime="20200407 23:37:26.503"></status>
</kw>
<kw name="Input Text" library="SeleniumLibrary">
<doc>Types the given ``text`` into the text field identified by ``locator``.</doc>
<arguments>
<arg>name=firstname</arg>
<arg>${fname}</arg>
</arguments>
<msg timestamp="20200407 23:37:26.504" level="INFO">Typing text 'Appan' into text field 'name=firstname'.</msg>
<status status="PASS" starttime="20200407 23:37:26.503" endtime="20200407 23:37:26.754"></status>
</kw>
<kw name="Input Text" library="SeleniumLibrary">
<doc>Types the given ``text`` into the text field identified by ``locator``.</doc>
<arguments>
<arg>name=lastname</arg>
<arg>${lname}</arg>
</arguments>
<msg timestamp="20200407 23:37:26.756" level="INFO">Typing text 'Roy' into text field 'name=lastname'.</msg>
<status status="PASS" starttime="20200407 23:37:26.755" endtime="20200407 23:37:26.955"></status>
</kw>
<kw name="Input Text" library="SeleniumLibrary">
<doc>Types the given ``text`` into the text field identified by ``locator``.</doc>
<arguments>
<arg>name=reg_email__</arg>
<arg>${email}</arg>
</arguments>
<msg timestamp="20200407 23:37:26.956" level="INFO">Typing text 'demomail@abc.com' into text field 'name=reg_email__'.</msg>
<status status="PASS" starttime="20200407 23:37:26.956" endtime="20200407 23:37:27.287"></status>
</kw>
<kw name="Input Text" library="SeleniumLibrary">
<doc>Types the given ``text`` into the text field identified by ``locator``.</doc>
<arguments>
<arg>name=reg_passwd__</arg>
<arg>${pwd}</arg>
</arguments>
<msg timestamp="20200407 23:37:27.290" level="INFO">Typing text '1234' into text field 'name=reg_passwd__'.</msg>
<status status="PASS" starttime="20200407 23:37:27.288" endtime="20200407 23:37:27.451"></status>
</kw>
<kw name="Select From List By Value" library="SeleniumLibrary">
<doc>Selects options from selection list ``locator`` by ``values``.</doc>
<arguments>
<arg>name=birthday_day</arg>
<arg>7</arg>
</arguments>
<msg timestamp="20200407 23:37:27.453" level="INFO">Selecting options from selection list 'name=birthday_day' by value 7.</msg>
<status status="PASS" starttime="20200407 23:37:27.452" endtime="20200407 23:37:27.540"></status>
</kw>
<kw name="Select From List By Value" library="SeleniumLibrary">
<doc>Selects options from selection list ``locator`` by ``values``.</doc>
<arguments>
<arg>name=birthday_month</arg>
<arg>3</arg>
</arguments>
<msg timestamp="20200407 23:37:27.541" level="INFO">Selecting options from selection list 'name=birthday_month' by value 3.</msg>
<status status="PASS" starttime="20200407 23:37:27.541" endtime="20200407 23:37:27.717"></status>
</kw>
<kw name="Select From List By Value" library="SeleniumLibrary">
<doc>Selects options from selection list ``locator`` by ``values``.</doc>
<arguments>
<arg>name=birthday_year</arg>
<arg>1990</arg>
</arguments>
<msg timestamp="20200407 23:37:27.718" level="INFO">Selecting options from selection list 'name=birthday_year' by value 1990.</msg>
<status status="PASS" starttime="20200407 23:37:27.718" endtime="20200407 23:37:27.870"></status>
</kw>
<kw name="Select Radio Button" library="SeleniumLibrary">
<doc>Sets the radio button group ``group_name`` to ``value``.</doc>
<arguments>
<arg>sex</arg>
<arg>2</arg>
</arguments>
<msg timestamp="20200407 23:37:27.871" level="INFO">Selecting '2' from radio button 'sex'.</msg>
<status status="PASS" starttime="20200407 23:37:27.871" endtime="20200407 23:37:28.018"></status>
</kw>
<kw name="Close Browser Window" type="teardown">
<tags>
<tag>This will close the active browser</tag>
</tags>
<kw name="Close Browser" library="SeleniumLibrary">
<doc>Closes the current browser.</doc>
<status status="PASS" starttime="20200407 23:37:28.020" endtime="20200407 23:37:30.154"></status>
</kw>
<status status="PASS" starttime="20200407 23:37:28.019" endtime="20200407 23:37:30.155"></status>
</kw>
<status status="PASS" starttime="20200407 23:37:18.007" endtime="20200407 23:37:30.155" critical="yes"></status>
</test>
<doc>This is a demo test case of test setup and tear down</doc>
<status status="PASS" starttime="20200407 23:37:17.748" endtime="20200407 23:37:30.156"></status>
</suite>
<status status="PASS" starttime="20200407 23:37:17.744" endtime="20200407 23:37:30.160"></status>
</suite>
<status status="PASS" starttime="20200407 23:37:17.740" endtime="20200407 23:37:30.163"></status>
</suite>
<status status="PASS" starttime="20200407 23:37:17.700" endtime="20200407 23:37:30.167"></status>
</suite>
<statistics>
<total>
<stat pass="1" fail="0">Critical Tests</stat>
<stat pass="1" fail="0">All Tests</stat>
</total>
<tag>
</tag>
<suite>
<stat pass="1" fail="0" id="s1" name="LearnRobotFramework">LearnRobotFramework</stat>
<stat pass="1" fail="0" id="s1-s1" name="Tests">LearnRobotFramework.Tests</stat>
<stat pass="1" fail="0" id="s1-s1-s1" name="Test Cases">LearnRobotFramework.Tests.Test Cases</stat>
<stat pass="1" fail="0" id="s1-s1-s1-s1" name="SetupTeardownDemo2">LearnRobotFramework.Tests.Test Cases.SetupTeardownDemo2</stat>
</suite>
</statistics>
<errors>
</errors>
</robot>
