<?xml version="1.0" encoding="UTF-8"?>
<robot generator="Robot 3.1.2 (Python 3.8.0 on win32)" generated="20210901 19:44:35.240" rpa="false">
<suite id="s1" name="LearnRobotFramework" source="E:\Softwares\My PC Apps\Robot Framework\Workspace\LearnRobotFramework">
<suite id="s1-s1" name="Tests" source="E:\Softwares\My PC Apps\Robot Framework\Workspace\LearnRobotFramework\Tests">
<suite id="s1-s1-s1" name="Test Cases" source="E:\Softwares\My PC Apps\Robot Framework\Workspace\LearnRobotFramework\Tests\test cases">
<suite id="s1-s1-s1-s1" name="MultiTabbedWindowHandlingDemo" source="E:\Softwares\My PC Apps\Robot Framework\Workspace\LearnRobotFramework\Tests\test cases\MultiTabbedWindowHandlingDemo.robot">
<test id="s1-s1-s1-s1-t1" name="Multiple Window Handling">
<kw name="Open Browser" library="SeleniumLibrary">
<doc>Opens a new browser instance to the optional ``url``.</doc>
<arguments>
<arg>${URL}</arg>
<arg>${Browser}</arg>
</arguments>
<msg timestamp="20210901 19:44:36.333" level="INFO">Opening browser 'Chrome' to base url 'https://robotframework.org/'.</msg>
<status status="PASS" starttime="20210901 19:44:36.331" endtime="20210901 19:45:58.011"></status>
</kw>
<kw name="Maximize Browser Window" library="SeleniumLibrary">
<doc>Maximizes current browser window.</doc>
<status status="PASS" starttime="20210901 19:45:58.015" endtime="20210901 19:45:58.220"></status>
</kw>
<kw name="Click Link" library="SeleniumLibrary">
<doc>Clicks a link identified by ``locator``.</doc>
<arguments>
<arg>RPA</arg>
</arguments>
<msg timestamp="20210901 19:45:58.223" level="INFO">Clicking link 'RPA'.</msg>
<kw name="Capture Page Screenshot" library="SeleniumLibrary">
<doc>Takes a screenshot of the current page and embeds it into a log file.</doc>
<msg timestamp="20210901 19:45:58.966" level="INFO" html="yes">&lt;/td&gt;&lt;/tr&gt;&lt;tr&gt;&lt;td colspan="3"&gt;&lt;a href="selenium-screenshot-3.png"&gt;&lt;img src="selenium-screenshot-3.png" width="800px"&gt;&lt;/a&gt;</msg>
<status status="PASS" starttime="20210901 19:45:58.430" endtime="20210901 19:45:58.967"></status>
</kw>
<msg timestamp="20210901 19:45:58.982" level="FAIL">ElementNotInteractableException: Message: element not interactable
  (Session info: chrome=92.0.4515.159)
</msg>
<status status="FAIL" starttime="20210901 19:45:58.221" endtime="20210901 19:45:58.984"></status>
</kw>
<status status="FAIL" starttime="20210901 19:44:36.326" endtime="20210901 19:45:58.985" critical="yes">ElementNotInteractableException: Message: element not interactable
  (Session info: chrome=92.0.4515.159)
</status>
</test>
<test id="s1-s1-s1-s1-t2" name="Multiple Window Handling2">
<kw name="Open Browser" library="SeleniumLibrary">
<doc>Opens a new browser instance to the optional ``url``.</doc>
<arguments>
<arg>${URL}</arg>
<arg>${Browser}</arg>
</arguments>
<msg timestamp="20210901 19:45:58.993" level="INFO">Opening browser 'Chrome' to base url 'https://robotframework.org/'.</msg>
<status status="PASS" starttime="20210901 19:45:58.992" endtime="20210901 19:46:34.530"></status>
</kw>
<kw name="Maximize Browser Window" library="SeleniumLibrary">
<doc>Maximizes current browser window.</doc>
<status status="PASS" starttime="20210901 19:46:34.533" endtime="20210901 19:46:34.764"></status>
</kw>
<kw name="Click Link" library="SeleniumLibrary">
<doc>Clicks a link identified by ``locator``.</doc>
<arguments>
<arg>RPA</arg>
</arguments>
<msg timestamp="20210901 19:46:34.768" level="INFO">Clicking link 'RPA'.</msg>
<kw name="Capture Page Screenshot" library="SeleniumLibrary">
<doc>Takes a screenshot of the current page and embeds it into a log file.</doc>
<msg timestamp="20210901 19:46:35.852" level="INFO" html="yes">&lt;/td&gt;&lt;/tr&gt;&lt;tr&gt;&lt;td colspan="3"&gt;&lt;a href="selenium-screenshot-4.png"&gt;&lt;img src="selenium-screenshot-4.png" width="800px"&gt;&lt;/a&gt;</msg>
<status status="PASS" starttime="20210901 19:46:35.289" endtime="20210901 19:46:35.854"></status>
</kw>
<msg timestamp="20210901 19:46:35.858" level="FAIL">ElementNotInteractableException: Message: element not interactable
  (Session info: chrome=92.0.4515.159)
</msg>
<status status="FAIL" starttime="20210901 19:46:34.766" endtime="20210901 19:46:35.859"></status>
</kw>
<status status="FAIL" starttime="20210901 19:45:58.989" endtime="20210901 19:46:35.861" critical="yes">ElementNotInteractableException: Message: element not interactable
  (Session info: chrome=92.0.4515.159)
</status>
</test>
<status status="FAIL" starttime="20210901 19:44:35.491" endtime="20210901 19:46:35.865"></status>
</suite>
<status status="FAIL" starttime="20210901 19:44:35.477" endtime="20210901 19:46:35.885"></status>
</suite>
<status status="FAIL" starttime="20210901 19:44:35.467" endtime="20210901 19:46:35.895"></status>
</suite>
<status status="FAIL" starttime="20210901 19:44:35.362" endtime="20210901 19:46:35.906"></status>
</suite>
<statistics>
<total>
<stat pass="0" fail="2">Critical Tests</stat>
<stat pass="0" fail="2">All Tests</stat>
</total>
<tag>
</tag>
<suite>
<stat pass="0" fail="2" id="s1" name="LearnRobotFramework">LearnRobotFramework</stat>
<stat pass="0" fail="2" id="s1-s1" name="Tests">LearnRobotFramework.Tests</stat>
<stat pass="0" fail="2" id="s1-s1-s1" name="Test Cases">LearnRobotFramework.Tests.Test Cases</stat>
<stat pass="0" fail="2" id="s1-s1-s1-s1" name="MultiTabbedWindowHandlingDemo">LearnRobotFramework.Tests.Test Cases.MultiTabbedWindowHandlingDemo</stat>
</suite>
</statistics>
<errors>
</errors>
</robot>
