<?xml version="1.0" encoding="UTF-8"?>
<robot generator="Robot 3.1.2 (Python 3.8.0 on win32)" generated="20200924 02:15:25.501" rpa="false">
<suite id="s1" name="Suites">
<suite id="s1-s1" name="AlertHandlingDemo" source="E:\Softwares\My PC Apps\Robot Framework\Workspace\LearnRobotFramework\Tests\paralleltestcases\AlertHandlingDemo.robot">
<test id="s1-s1-t1" name="TestAlert">
<kw name="Open Browser" library="SeleniumLibrary">
<doc>Opens a new browser instance to the optional ``url``.</doc>
<arguments>
<arg>${url}</arg>
<arg>${browser}</arg>
</arguments>
<msg timestamp="20200924 02:15:27.414" level="INFO">Opening browser 'headlesschrome' to base url 'http://testautomationpractice.blogspot.com/'.</msg>
<status status="PASS" starttime="20200924 02:15:27.411" endtime="20200924 02:15:43.304"></status>
</kw>
<kw name="Maximize Browser Window" library="SeleniumLibrary">
<doc>Maximizes current browser window.</doc>
<status status="PASS" starttime="20200924 02:15:43.304" endtime="20200924 02:15:44.443"></status>
</kw>
<kw name="Set Selenium Speed" library="SeleniumLibrary">
<doc>Sets the delay that is waited after each Selenium command.</doc>
<arguments>
<arg>1 second</arg>
</arguments>
<status status="PASS" starttime="20200924 02:15:44.444" endtime="20200924 02:15:44.445"></status>
</kw>
<kw name="Click Element" library="SeleniumLibrary">
<doc>Click the element identified by ``locator``.</doc>
<arguments>
<arg>xpath://*[@id="HTML9"]/div[1]/button</arg>
</arguments>
<msg timestamp="20200924 02:15:44.446" level="INFO">Clicking element 'xpath://*[@id="HTML9"]/div[1]/button'.</msg>
<status status="PASS" starttime="20200924 02:15:44.445" endtime="20200924 02:15:46.748"></status>
</kw>
<kw name="Sleep" library="BuiltIn">
<doc>Pauses the test executed for the given time.</doc>
<arguments>
<arg>1</arg>
</arguments>
<msg timestamp="20200924 02:15:47.750" level="INFO">Slept 1 second</msg>
<status status="PASS" starttime="20200924 02:15:46.749" endtime="20200924 02:15:47.750"></status>
</kw>
<kw name="Alert Should Be Present" library="SeleniumLibrary">
<doc>Verifies that an alert is present and by default, accepts it.</doc>
<arguments>
<arg>Press a button!</arg>
</arguments>
<status status="PASS" starttime="20200924 02:15:47.755" endtime="20200924 02:15:50.772"></status>
</kw>
<kw name="Click Element" library="SeleniumLibrary">
<doc>Click the element identified by ``locator``.</doc>
<arguments>
<arg>xpath://*[@id="HTML9"]/div[1]/button</arg>
</arguments>
<msg timestamp="20200924 02:15:50.773" level="INFO">Clicking element 'xpath://*[@id="HTML9"]/div[1]/button'.</msg>
<status status="PASS" starttime="20200924 02:15:50.772" endtime="20200924 02:15:52.896"></status>
</kw>
<kw name="Sleep" library="BuiltIn">
<doc>Pauses the test executed for the given time.</doc>
<arguments>
<arg>1</arg>
</arguments>
<msg timestamp="20200924 02:15:53.897" level="INFO">Slept 1 second</msg>
<status status="PASS" starttime="20200924 02:15:52.896" endtime="20200924 02:15:53.897"></status>
</kw>
<kw name="Handle Alert" library="SeleniumLibrary">
<doc>Handles the current alert and returns its message.</doc>
<arguments>
<arg>Accept</arg>
</arguments>
<status status="PASS" starttime="20200924 02:15:53.897" endtime="20200924 02:15:56.913"></status>
</kw>
<kw name="Click Element" library="SeleniumLibrary">
<doc>Click the element identified by ``locator``.</doc>
<arguments>
<arg>xpath://*[@id="HTML9"]/div[1]/button</arg>
</arguments>
<msg timestamp="20200924 02:15:56.919" level="INFO">Clicking element 'xpath://*[@id="HTML9"]/div[1]/button'.</msg>
<status status="PASS" starttime="20200924 02:15:56.915" endtime="20200924 02:15:59.049"></status>
</kw>
<kw name="Sleep" library="BuiltIn">
<doc>Pauses the test executed for the given time.</doc>
<arguments>
<arg>1</arg>
</arguments>
<msg timestamp="20200924 02:16:00.050" level="INFO">Slept 1 second</msg>
<status status="PASS" starttime="20200924 02:15:59.049" endtime="20200924 02:16:00.050"></status>
</kw>
<kw name="Handle Alert" library="SeleniumLibrary">
<doc>Handles the current alert and returns its message.</doc>
<arguments>
<arg>Dismiss</arg>
</arguments>
<status status="PASS" starttime="20200924 02:16:00.051" endtime="20200924 02:16:03.071"></status>
</kw>
<kw name="Click Element" library="SeleniumLibrary">
<doc>Click the element identified by ``locator``.</doc>
<arguments>
<arg>xpath://*[@id="HTML9"]/div[1]/button</arg>
</arguments>
<msg timestamp="20200924 02:16:03.072" level="INFO">Clicking element 'xpath://*[@id="HTML9"]/div[1]/button'.</msg>
<status status="PASS" starttime="20200924 02:16:03.071" endtime="20200924 02:16:05.217"></status>
</kw>
<kw name="Sleep" library="BuiltIn">
<doc>Pauses the test executed for the given time.</doc>
<arguments>
<arg>1</arg>
</arguments>
<msg timestamp="20200924 02:16:06.218" level="INFO">Slept 1 second</msg>
<status status="PASS" starttime="20200924 02:16:05.218" endtime="20200924 02:16:06.218"></status>
</kw>
<kw name="Handle Alert" library="SeleniumLibrary">
<doc>Handles the current alert and returns its message.</doc>
<arguments>
<arg>Leave</arg>
</arguments>
<status status="PASS" starttime="20200924 02:16:06.219" endtime="20200924 02:16:08.231"></status>
</kw>
<kw name="Close Browser" library="SeleniumLibrary">
<doc>Closes the current browser.</doc>
<status status="PASS" starttime="20200924 02:16:08.231" endtime="20200924 02:16:11.312"></status>
</kw>
<status status="PASS" starttime="20200924 02:15:27.407" endtime="20200924 02:16:11.313" critical="yes"></status>
</test>
<status status="PASS" starttime="20200924 02:15:25.700" endtime="20200924 02:16:11.316"></status>
</suite>
<status status="PASS" starttime="20200924 02:15:25.522" endtime="20200924 02:16:11.321"></status>
</suite>
<statistics>
<total>
<stat pass="1" fail="0">Critical Tests</stat>
<stat pass="1" fail="0">All Tests</stat>
</total>
<tag>
</tag>
<suite>
<stat pass="1" fail="0" id="s1" name="Suites">Suites</stat>
<stat pass="1" fail="0" id="s1-s1" name="AlertHandlingDemo">Suites.AlertHandlingDemo</stat>
</suite>
</statistics>
<errors>
</errors>
</robot>
