<?xml version="1.0" encoding="UTF-8"?>
<robot generator="Robot 3.1.2 (Python 3.8.0 on win32)" generated="20210822 20:14:49.096" rpa="false">
<suite id="s1" name="DataDrivenTesting" source="E:\Softwares\My PC Apps\Robot Framework\Workspace\DataDrivenTesting">
<suite id="s1-s1" name="Tests" source="E:\Softwares\My PC Apps\Robot Framework\Workspace\DataDrivenTesting\Tests">
<suite id="s1-s1-s1" name="Testcases" source="E:\Softwares\My PC Apps\Robot Framework\Workspace\DataDrivenTesting\Tests\testcases">
<suite id="s1-s1-s1-s1" name="DataDrivenTestExcel" source="E:\Softwares\My PC Apps\Robot Framework\Workspace\DataDrivenTesting\Tests\testcases\DataDrivenTestExcel.robot">
<kw name="Open Application" library="Resource" type="setup">
<kw name="Open Browser" library="SeleniumLibrary">
<doc>Opens a new browser instance to the optional ``url``.</doc>
<arguments>
<arg>${url}</arg>
<arg>${browser}</arg>
</arguments>
<msg timestamp="20210822 20:14:51.991" level="INFO">Opening browser 'chrome' to base url 'https://opensource-demo.orangehrmlive.com/'.</msg>
<status status="PASS" starttime="20210822 20:14:51.990" endtime="20210822 20:15:05.435"></status>
</kw>
<kw name="Maximize Browser Window" library="SeleniumLibrary">
<doc>Maximizes current browser window.</doc>
<status status="PASS" starttime="20210822 20:15:05.438" endtime="20210822 20:15:05.601"></status>
</kw>
<status status="PASS" starttime="20210822 20:14:51.985" endtime="20210822 20:15:05.604"></status>
</kw>
<test id="s1-s1-s1-s1-t1" name="LoginTestWithExcel using Admin and admin12">
<kw name="Login To Application">
<arguments>
<arg>Admin</arg>
<arg>admin12</arg>
</arguments>
<kw name="Enter Username" library="Resource">
<arguments>
<arg>${username}</arg>
</arguments>
<kw name="Input Text" library="SeleniumLibrary">
<doc>Types the given ``text`` into the text field identified by ``locator``.</doc>
<arguments>
<arg>id:txtUsername</arg>
<arg>${uname}</arg>
</arguments>
<msg timestamp="20210822 20:15:05.617" level="INFO">Typing text 'Admin' into text field 'id:txtUsername'.</msg>
<status status="PASS" starttime="20210822 20:15:05.615" endtime="20210822 20:15:05.965"></status>
</kw>
<status status="PASS" starttime="20210822 20:15:05.613" endtime="20210822 20:15:05.966"></status>
</kw>
<kw name="Enter Password" library="Resource">
<arguments>
<arg>${password}</arg>
</arguments>
<kw name="Input Password" library="SeleniumLibrary">
<doc>Types the given password into the text field identified by ``locator``.</doc>
<arguments>
<arg>id:txtPassword</arg>
<arg>${pwd}</arg>
</arguments>
<msg timestamp="20210822 20:15:05.970" level="INFO">Typing password into text field 'id:txtPassword'.</msg>
<status status="PASS" starttime="20210822 20:15:05.969" endtime="20210822 20:15:06.311"></status>
</kw>
<status status="PASS" starttime="20210822 20:15:05.967" endtime="20210822 20:15:06.312"></status>
</kw>
<kw name="Click On Login Button" library="Resource">
<kw name="Click Button" library="SeleniumLibrary">
<doc>Clicks the button identified by ``locator``.</doc>
<arguments>
<arg>id:btnLogin</arg>
</arguments>
<msg timestamp="20210822 20:15:06.317" level="INFO">Clicking button 'id:btnLogin'.</msg>
<status status="PASS" starttime="20210822 20:15:06.316" endtime="20210822 20:15:08.685"></status>
</kw>
<status status="PASS" starttime="20210822 20:15:06.314" endtime="20210822 20:15:08.687"></status>
</kw>
<kw name="Run Keyword If" library="BuiltIn">
<doc>Runs the given keyword with the given arguments, if ``condition`` is true.</doc>
<arguments>
<arg>'${password}' == 'admin123'</arg>
<arg>Verify Dashboard Present And Logout</arg>
<arg>ELSE</arg>
<arg>Verify Error Message</arg>
</arguments>
<kw name="Verify Error Message">
<kw name="Error Message Should Be Visible" library="Resource">
<kw name="Page Should Contain" library="SeleniumLibrary">
<doc>Verifies that current page contains ``text``.</doc>
<arguments>
<arg>Invalid credentials</arg>
</arguments>
<msg timestamp="20210822 20:15:08.764" level="INFO">Current page contains text 'Invalid credentials'.</msg>
<status status="PASS" starttime="20210822 20:15:08.696" endtime="20210822 20:15:08.765"></status>
</kw>
<status status="PASS" starttime="20210822 20:15:08.694" endtime="20210822 20:15:08.766"></status>
</kw>
<status status="PASS" starttime="20210822 20:15:08.692" endtime="20210822 20:15:08.767"></status>
</kw>
<status status="PASS" starttime="20210822 20:15:08.689" endtime="20210822 20:15:08.768"></status>
</kw>
<status status="PASS" starttime="20210822 20:15:05.611" endtime="20210822 20:15:08.769"></status>
</kw>
<status status="PASS" starttime="20210822 20:15:05.606" endtime="20210822 20:15:08.771" critical="yes"></status>
</test>
<test id="s1-s1-s1-s1-t2" name="LoginTestWithExcel using Admin and admin123">
<kw name="Login To Application">
<arguments>
<arg>Admin</arg>
<arg>admin123</arg>
</arguments>
<kw name="Enter Username" library="Resource">
<arguments>
<arg>${username}</arg>
</arguments>
<kw name="Input Text" library="SeleniumLibrary">
<doc>Types the given ``text`` into the text field identified by ``locator``.</doc>
<arguments>
<arg>id:txtUsername</arg>
<arg>${uname}</arg>
</arguments>
<msg timestamp="20210822 20:15:08.781" level="INFO">Typing text 'Admin' into text field 'id:txtUsername'.</msg>
<status status="PASS" starttime="20210822 20:15:08.779" endtime="20210822 20:15:09.105"></status>
</kw>
<status status="PASS" starttime="20210822 20:15:08.777" endtime="20210822 20:15:09.107"></status>
</kw>
<kw name="Enter Password" library="Resource">
<arguments>
<arg>${password}</arg>
</arguments>
<kw name="Input Password" library="SeleniumLibrary">
<doc>Types the given password into the text field identified by ``locator``.</doc>
<arguments>
<arg>id:txtPassword</arg>
<arg>${pwd}</arg>
</arguments>
<msg timestamp="20210822 20:15:09.112" level="INFO">Typing password into text field 'id:txtPassword'.</msg>
<status status="PASS" starttime="20210822 20:15:09.110" endtime="20210822 20:15:09.427"></status>
</kw>
<status status="PASS" starttime="20210822 20:15:09.108" endtime="20210822 20:15:09.429"></status>
</kw>
<kw name="Click On Login Button" library="Resource">
<kw name="Click Button" library="SeleniumLibrary">
<doc>Clicks the button identified by ``locator``.</doc>
<arguments>
<arg>id:btnLogin</arg>
</arguments>
<msg timestamp="20210822 20:15:09.433" level="INFO">Clicking button 'id:btnLogin'.</msg>
<status status="PASS" starttime="20210822 20:15:09.432" endtime="20210822 20:15:17.467"></status>
</kw>
<status status="PASS" starttime="20210822 20:15:09.430" endtime="20210822 20:15:17.469"></status>
</kw>
<kw name="Run Keyword If" library="BuiltIn">
<doc>Runs the given keyword with the given arguments, if ``condition`` is true.</doc>
<arguments>
<arg>'${password}' == 'admin123'</arg>
<arg>Verify Dashboard Present And Logout</arg>
<arg>ELSE</arg>
<arg>Verify Error Message</arg>
</arguments>
<kw name="Verify Dashboard Present And Logout">
<kw name="Dashboard Should Be Present" library="Resource">
<kw name="Page Should Contain" library="SeleniumLibrary">
<doc>Verifies that current page contains ``text``.</doc>
<arguments>
<arg>Dashboard</arg>
</arguments>
<msg timestamp="20210822 20:15:17.537" level="INFO">Current page contains text 'Dashboard'.</msg>
<status status="PASS" starttime="20210822 20:15:17.477" endtime="20210822 20:15:17.537"></status>
</kw>
<status status="PASS" starttime="20210822 20:15:17.475" endtime="20210822 20:15:17.538"></status>
</kw>
<kw name="Logout From Application">
<kw name="Click Element" library="SeleniumLibrary">
<doc>Click the element identified by ``locator``.</doc>
<arguments>
<arg>id:welcome</arg>
</arguments>
<msg timestamp="20210822 20:15:17.542" level="INFO">Clicking element 'id:welcome'.</msg>
<status status="PASS" starttime="20210822 20:15:17.540" endtime="20210822 20:15:17.754"></status>
</kw>
<kw name="Click Element" library="SeleniumLibrary">
<doc>Click the element identified by ``locator``.</doc>
<arguments>
<arg>xpath://*[@id="welcome-menu"]/ul/li[2]/a</arg>
</arguments>
<msg timestamp="20210822 20:15:17.756" level="INFO">Clicking element 'xpath://*[@id="welcome-menu"]/ul/li[2]/a'.</msg>
<status status="PASS" starttime="20210822 20:15:17.755" endtime="20210822 20:15:20.856"></status>
</kw>
<status status="PASS" starttime="20210822 20:15:17.539" endtime="20210822 20:15:20.857"></status>
</kw>
<status status="PASS" starttime="20210822 20:15:17.474" endtime="20210822 20:15:20.859"></status>
</kw>
<status status="PASS" starttime="20210822 20:15:17.471" endtime="20210822 20:15:20.860"></status>
</kw>
<status status="PASS" starttime="20210822 20:15:08.775" endtime="20210822 20:15:20.861"></status>
</kw>
<status status="PASS" starttime="20210822 20:15:08.773" endtime="20210822 20:15:20.862" critical="yes"></status>
</test>
<test id="s1-s1-s1-s1-t3" name="LoginTestWithExcel using Admin and admin1234">
<kw name="Login To Application">
<arguments>
<arg>Admin</arg>
<arg>admin1234</arg>
</arguments>
<kw name="Enter Username" library="Resource">
<arguments>
<arg>${username}</arg>
</arguments>
<kw name="Input Text" library="SeleniumLibrary">
<doc>Types the given ``text`` into the text field identified by ``locator``.</doc>
<arguments>
<arg>id:txtUsername</arg>
<arg>${uname}</arg>
</arguments>
<msg timestamp="20210822 20:15:20.874" level="INFO">Typing text 'Admin' into text field 'id:txtUsername'.</msg>
<kw name="Capture Page Screenshot" library="SeleniumLibrary">
<doc>Takes a screenshot of the current page and embeds it into a log file.</doc>
<msg timestamp="20210822 20:15:21.467" level="INFO" html="yes">&lt;/td&gt;&lt;/tr&gt;&lt;tr&gt;&lt;td colspan="3"&gt;&lt;a href="selenium-screenshot-1.png"&gt;&lt;img src="selenium-screenshot-1.png" width="800px"&gt;&lt;/a&gt;</msg>
<status status="PASS" starttime="20210822 20:15:20.900" endtime="20210822 20:15:21.468"></status>
</kw>
<msg timestamp="20210822 20:15:21.505" level="FAIL">Element with locator 'id:txtUsername' not found.</msg>
<status status="FAIL" starttime="20210822 20:15:20.872" endtime="20210822 20:15:21.506"></status>
</kw>
<status status="FAIL" starttime="20210822 20:15:20.870" endtime="20210822 20:15:21.508"></status>
</kw>
<status status="FAIL" starttime="20210822 20:15:20.868" endtime="20210822 20:15:21.509"></status>
</kw>
<status status="FAIL" starttime="20210822 20:15:20.864" endtime="20210822 20:15:21.510" critical="yes">Element with locator 'id:txtUsername' not found.</status>
</test>
<kw name="Close Application" library="Resource" type="teardown">
<kw name="Close Browser" library="SeleniumLibrary">
<doc>Closes the current browser.</doc>
<status status="PASS" starttime="20210822 20:15:21.515" endtime="20210822 20:15:23.850"></status>
</kw>
<status status="PASS" starttime="20210822 20:15:21.514" endtime="20210822 20:15:23.852"></status>
</kw>
<status status="FAIL" starttime="20210822 20:14:49.318" endtime="20210822 20:15:23.852"></status>
</suite>
<status status="FAIL" starttime="20210822 20:14:49.309" endtime="20210822 20:15:23.867"></status>
</suite>
<status status="FAIL" starttime="20210822 20:14:49.301" endtime="20210822 20:15:23.877"></status>
</suite>
<status status="FAIL" starttime="20210822 20:14:49.203" endtime="20210822 20:15:23.888"></status>
</suite>
<statistics>
<total>
<stat pass="2" fail="1">Critical Tests</stat>
<stat pass="2" fail="1">All Tests</stat>
</total>
<tag>
</tag>
<suite>
<stat pass="2" fail="1" id="s1" name="DataDrivenTesting">DataDrivenTesting</stat>
<stat pass="2" fail="1" id="s1-s1" name="Tests">DataDrivenTesting.Tests</stat>
<stat pass="2" fail="1" id="s1-s1-s1" name="Testcases">DataDrivenTesting.Tests.Testcases</stat>
<stat pass="2" fail="1" id="s1-s1-s1-s1" name="DataDrivenTestExcel">DataDrivenTesting.Tests.Testcases.DataDrivenTestExcel</stat>
</suite>
</statistics>
<errors>
</errors>
</robot>
