<?xml version="1.0" encoding="UTF-8"?>
<robot generator="Robot 3.1.2 (Python 3.8.0 on win32)" generated="20200924 02:15:25.629" rpa="false">
<suite id="s1" name="Suites">
<suite id="s1-s1" name="BrowserNavigationDemo" source="E:\Softwares\My PC Apps\Robot Framework\Workspace\LearnRobotFramework\Tests\paralleltestcases\BrowserNavigationDemo.robot">
<test id="s1-s1-t1" name="TestBrowserNavigation">
<kw name="Open Browser" library="SeleniumLibrary">
<doc>Opens a new browser instance to the optional ``url``.</doc>
<arguments>
<arg>${url1}</arg>
<arg>${browser}</arg>
</arguments>
<msg timestamp="20200924 02:15:28.122" level="INFO">Opening browser 'headlesschrome' to base url 'https://www.google.com/'.</msg>
<status status="PASS" starttime="20200924 02:15:28.119" endtime="20200924 02:15:38.071"></status>
</kw>
<kw name="Get Location" library="SeleniumLibrary">
<doc>Returns the current browser window URL.</doc>
<assign>
<var>${loc1}</var>
</assign>
<msg timestamp="20200924 02:15:38.100" level="INFO">${loc1} = https://www.google.com/</msg>
<status status="PASS" starttime="20200924 02:15:38.072" endtime="20200924 02:15:38.100"></status>
</kw>
<kw name="Log To Console" library="BuiltIn">
<doc>Logs the given message to the console.</doc>
<arguments>
<arg>${loc1}</arg>
</arguments>
<status status="PASS" starttime="20200924 02:15:38.100" endtime="20200924 02:15:38.101"></status>
</kw>
<kw name="Go To" library="SeleniumLibrary">
<doc>Navigates the current browser window to the provided ``url``.</doc>
<arguments>
<arg>${url2}</arg>
</arguments>
<msg timestamp="20200924 02:15:38.102" level="INFO">Opening url 'https://www.bing.com/'</msg>
<status status="PASS" starttime="20200924 02:15:38.102" endtime="20200924 02:15:39.098"></status>
</kw>
<kw name="Get Location" library="SeleniumLibrary">
<doc>Returns the current browser window URL.</doc>
<assign>
<var>${loc2}</var>
</assign>
<msg timestamp="20200924 02:15:39.726" level="INFO">${loc2} = https://www.bing.com/</msg>
<status status="PASS" starttime="20200924 02:15:39.099" endtime="20200924 02:15:39.726"></status>
</kw>
<kw name="Log To Console" library="BuiltIn">
<doc>Logs the given message to the console.</doc>
<arguments>
<arg>${loc2}</arg>
</arguments>
<status status="PASS" starttime="20200924 02:15:39.727" endtime="20200924 02:15:39.729"></status>
</kw>
<kw name="Go Back" library="SeleniumLibrary">
<doc>Simulates the user clicking the back button on their browser.</doc>
<status status="PASS" starttime="20200924 02:15:39.729" endtime="20200924 02:15:42.241"></status>
</kw>
<kw name="Get Location" library="SeleniumLibrary">
<doc>Returns the current browser window URL.</doc>
<assign>
<var>${loc1}</var>
</assign>
<msg timestamp="20200924 02:15:42.261" level="INFO">${loc1} = https://www.google.com/</msg>
<status status="PASS" starttime="20200924 02:15:42.242" endtime="20200924 02:15:42.261"></status>
</kw>
<kw name="Log To Console" library="BuiltIn">
<doc>Logs the given message to the console.</doc>
<arguments>
<arg>${loc1}</arg>
</arguments>
<status status="PASS" starttime="20200924 02:15:42.262" endtime="20200924 02:15:42.263"></status>
</kw>
<kw name="Close Browser" library="SeleniumLibrary">
<doc>Closes the current browser.</doc>
<status status="PASS" starttime="20200924 02:15:42.264" endtime="20200924 02:15:44.428"></status>
</kw>
<status status="PASS" starttime="20200924 02:15:28.112" endtime="20200924 02:15:44.429" critical="yes"></status>
</test>
<status status="PASS" starttime="20200924 02:15:25.868" endtime="20200924 02:15:44.432"></status>
</suite>
<status status="PASS" starttime="20200924 02:15:25.640" endtime="20200924 02:15:44.439"></status>
</suite>
<statistics>
<total>
<stat pass="1" fail="0">Critical Tests</stat>
<stat pass="1" fail="0">All Tests</stat>
</total>
<tag>
</tag>
<suite>
<stat pass="1" fail="0" id="s1" name="Suites">Suites</stat>
<stat pass="1" fail="0" id="s1-s1" name="BrowserNavigationDemo">Suites.BrowserNavigationDemo</stat>
</suite>
</statistics>
<errors>
</errors>
</robot>
